Parsing...
Loaded File
Instruction: MUL 382 128
Instruction: MUL 117 325
Instruction: MUL 829 251
Instruction: MUL 17 183
Instruction: MUL 911 142
Instruction: MUL 199 484
Instruction: MUL 325 240
Instruction: MUL 920 723
Instruction: MUL 274 899
Instruction: MUL 664 836
Instruction: MUL 257 635
Instruction: DON'T 0 0
Instruction: MUL 360 222
Instruction: MUL 268 245
Instruction: MUL 936 776
Instruction: MUL 474 825
Instruction: MUL 484 39
Instruction: MUL 357 805
Instruction: MUL 261 810
Instruction: MUL 306 422
Instruction: MUL 944 563
Instruction: MUL 47 642
Instruction: MUL 403 781
Instruction: MUL 382 778
Instruction: MUL 48 400
Instruction: MUL 114 537
Instruction: MUL 688 466
Instruction: MUL 950 333
Instruction: MUL 974 802
Instruction: MUL 394 250
Instruction: MUL 271 377
Instruction: MUL 569 753
Instruction: MUL 83 470
Instruction: MUL 678 845
Instruction: DO 0 0
Instruction: MUL 958 48
Instruction: MUL 965 566
Instruction: MUL 926 836
Instruction: DO 0 0
Instruction: MUL 465 920
Instruction: MUL 905 944
Instruction: MUL 738 782
Instruction: MUL 671 73
Instruction: MUL 981 305
Instruction: MUL 943 403
Instruction: MUL 773 597
Instruction: MUL 177 608
Instruction: MUL 615 69
Instruction: MUL 273 327
Instruction: MUL 588 34
Instruction: MUL 476 402
Instruction: MUL 70 477
Instruction: MUL 826 769
Instruction: MUL 630 778
Instruction: MUL 757 817
Instruction: MUL 704 71
Instruction: MUL 880 91
Instruction: MUL 482 52
Instruction: MUL 451 632
Instruction: MUL 744 609
Instruction: MUL 851 817
Instruction: MUL 879 78
Instruction: MUL 955 80
Instruction: DON'T 0 0
Instruction: MUL 11 257
Instruction: MUL 755 926
Instruction: MUL 822 333
Instruction: MUL 944 27
Instruction: DON'T 0 0
Instruction: MUL 682 325
Instruction: MUL 159 46
Instruction: MUL 999 996
Instruction: MUL 181 447
Instruction: MUL 79 247
Instruction: MUL 646 108
Instruction: MUL 446 87
Instruction: DO 0 0
Instruction: MUL 769 704
Instruction: MUL 342 860
Instruction: MUL 297 907
Instruction: MUL 785 738
Instruction: MUL 22 569
Instruction: MUL 712 864
Instruction: DO 0 0
Instruction: MUL 910 77
Instruction: MUL 148 162
Instruction: MUL 851 438
Instruction: MUL 318 433
Instruction: MUL 334 691
Instruction: MUL 16 725
Instruction: MUL 302 212
Instruction: MUL 749 290
Instruction: MUL 438 485
Instruction: MUL 155 334
Instruction: MUL 563 825
Instruction: MUL 0 0
Instruction: MUL 40 124
Instruction: MUL 899 517
Instruction: MUL 343 252
Instruction: MUL 72 213
Instruction: MUL 935 677
Instruction: MUL 418 773
Instruction: MUL 299 393
Instruction: MUL 235 99
Instruction: MUL 755 736
Instruction: MUL 959 630
Instruction: MUL 390 582
Instruction: MUL 447 741
Instruction: MUL 856 87
Instruction: MUL 0 0
Instruction: MUL 619 939
Instruction: MUL 237 787
Instruction: MUL 748 973
Instruction: MUL 464 286
Instruction: MUL 61 599
Instruction: MUL 0 0
Instruction: MUL 545 911
Instruction: MUL 145 677
Instruction: MUL 71 580
Instruction: MUL 989 226
Instruction: MUL 649 981
Instruction: MUL 384 957
Instruction: MUL 90 741
Instruction: MUL 874 34
Instruction: MUL 727 0
Instruction: MUL 597 301
Instruction: MUL 874 920
Instruction: MUL 720 444
Instruction: DON'T 0 0
Instruction: MUL 369 122
Instruction: MUL 323 653
Instruction: MUL 0 0
Instruction: DON'T 0 0
Instruction: MUL 22 35
Instruction: MUL 361 680
Instruction: MUL 957 696
Instruction: MUL 486 390
Instruction: MUL 904 888
Instruction: MUL 121 356
Instruction: MUL 286 496
Instruction: MUL 795 126
Instruction: DON'T 0 0
Instruction: MUL 274 833
Instruction: MUL 751 302
Instruction: MUL 706 87
Instruction: MUL 783 984
Instruction: MUL 168 887
Instruction: MUL 750 257
Instruction: MUL 392 217
Instruction: MUL 990 616
Instruction: MUL 197 805
Instruction: MUL 580 340
Instruction: MUL 674 55
Instruction: MUL 697 276
Instruction: MUL 7 647
Instruction: DON'T 0 0
Instruction: MUL 686 704
Instruction: MUL 134 95
Instruction: MUL 931 0
Instruction: MUL 342 16
Instruction: MUL 349 74
Instruction: MUL 201 421
Instruction: MUL 225 997
Instruction: MUL 596 977
Instruction: MUL 62 3
Instruction: MUL 71 292
Instruction: MUL 174 534
Instruction: MUL 632 674
Instruction: MUL 171 886
Instruction: MUL 377 649
Instruction: MUL 987 0
Instruction: MUL 486 49
Instruction: MUL 189 478
Instruction: MUL 501 233
Instruction: MUL 950 491
Instruction: MUL 802 155
Instruction: MUL 656 363
Instruction: MUL 290 337
Instruction: MUL 51 638
Instruction: MUL 87 608
Instruction: MUL 116 583
Instruction: MUL 934 503
Instruction: MUL 394 714
Instruction: MUL 458 43
Instruction: MUL 0 0
Instruction: MUL 61 244
Instruction: MUL 179 386
Instruction: DON'T 0 0
Instruction: MUL 310 95
Instruction: DO 0 0
Instruction: MUL 199 244
Instruction: DO 0 0
Instruction: MUL 715 542
Instruction: MUL 243 209
Instruction: MUL 235 191
Instruction: MUL 0 0
Instruction: MUL 204 446
Instruction: MUL 739 161
Instruction: MUL 606 959
Instruction: MUL 941 267
Instruction: MUL 109 0
Instruction: MUL 942 63
Instruction: DO 0 0
Instruction: MUL 843 484
Instruction: DON'T 0 0
Instruction: MUL 564 526
Instruction: MUL 622 540
Instruction: MUL 400 561
Instruction: MUL 996 939
Instruction: DON'T 0 0
Instruction: MUL 64 295
Instruction: MUL 239 553
Instruction: MUL 238 969
Instruction: MUL 454 343
Instruction: MUL 0 0
Instruction: MUL 390 586
Instruction: MUL 74 208
Instruction: MUL 230 839
Instruction: DON'T 0 0
Instruction: MUL 206 499
Instruction: MUL 243 908
Instruction: MUL 484 803
Instruction: MUL 740 39
Instruction: MUL 27 646
Instruction: MUL 993 84
Instruction: MUL 184 126
Instruction: MUL 890 36
Instruction: MUL 495 836
Instruction: MUL 486 448
Instruction: MUL 726 802
Instruction: MUL 713 282
Instruction: MUL 69 0
Instruction: MUL 861 820
Instruction: MUL 369 778
Instruction: MUL 645 582
Instruction: MUL 646 390
Instruction: MUL 0 0
Instruction: DO 0 0
Instruction: MUL 783 801
Instruction: MUL 393 573
Instruction: MUL 920 302
Instruction: MUL 679 329
Instruction: MUL 833 762
Instruction: MUL 585 568
Instruction: MUL 698 887
Instruction: DO 0 0
Instruction: MUL 713 408
Instruction: MUL 15 92
Instruction: MUL 841 490
Instruction: DO 0 0
Instruction: MUL 124 658
Instruction: MUL 991 749
Instruction: MUL 746 929
Instruction: MUL 224 0
Instruction: MUL 954 543
Instruction: MUL 607 408
Instruction: MUL 465 49
Instruction: MUL 935 437
Instruction: DON'T 0 0
Instruction: MUL 745 0
Instruction: MUL 509 38
Instruction: MUL 980 337
Instruction: DO 0 0
Instruction: MUL 536 465
Instruction: MUL 534 315
Instruction: DO 0 0
Instruction: MUL 644 668
Instruction: MUL 977 0
Instruction: MUL 324 603
Instruction: DO 0 0
Instruction: MUL 707 0
Instruction: MUL 153 26
Instruction: MUL 0 0
Instruction: MUL 186 252
Instruction: MUL 405 534
Instruction: MUL 579 0
Instruction: MUL 996 519
Instruction: MUL 0 0
Instruction: DON'T 0 0
Instruction: MUL 426 711
Instruction: MUL 89 834
Instruction: MUL 0 0
Instruction: MUL 330 473
Instruction: MUL 729 170
Instruction: MUL 136 171
Instruction: MUL 650 140
Instruction: MUL 215 81
Instruction: MUL 2 321
Instruction: MUL 347 382
Instruction: MUL 517 832
Instruction: MUL 179 869
Instruction: MUL 695 438
Instruction: DO 0 0
Instruction: MUL 659 454
Instruction: MUL 10 165
Instruction: MUL 422 149
Instruction: MUL 842 666
Instruction: MUL 884 29
Instruction: MUL 443 833
Instruction: MUL 248 50
Instruction: MUL 816 74
Instruction: MUL 287 583
Instruction: MUL 916 265
Instruction: MUL 565 495
Instruction: MUL 391 534
Instruction: MUL 222 430
Instruction: MUL 812 448
Instruction: MUL 339 529
Instruction: MUL 0 0
Instruction: MUL 346 750
Instruction: MUL 274 115
Instruction: MUL 827 676
Instruction: MUL 726 201
Instruction: MUL 957 551
Instruction: MUL 693 392
Instruction: MUL 163 738
Instruction: MUL 928 181
Instruction: MUL 490 341
Instruction: MUL 79 842
Instruction: MUL 118 744
Instruction: DO 0 0
Instruction: MUL 150 59
Instruction: MUL 123 997
Instruction: MUL 996 553
Instruction: MUL 799 235
Instruction: MUL 450 165
Instruction: MUL 416 829
Instruction: MUL 681 77
Instruction: MUL 566 968
Instruction: MUL 320 701
Instruction: MUL 84 690
Instruction: MUL 523 218
Instruction: MUL 975 325
Instruction: MUL 877 0
Instruction: MUL 555 711
Instruction: DON'T 0 0
Instruction: MUL 963 600
Instruction: MUL 754 527
Instruction: MUL 589 630
Instruction: MUL 454 523
Instruction: MUL 117 299
Instruction: MUL 682 981
Instruction: MUL 918 918
Instruction: MUL 529 521
Instruction: MUL 29 4
Instruction: MUL 922 126
Instruction: MUL 156 757
Instruction: MUL 582 926
Instruction: MUL 729 833
Instruction: MUL 455 185
Instruction: MUL 494 904
Instruction: MUL 701 981
Instruction: MUL 43 116
Instruction: MUL 33 461
Instruction: MUL 629 0
Instruction: MUL 269 237
Instruction: MUL 865 880
Instruction: DON'T 0 0
Instruction: MUL 259 423
Instruction: MUL 438 59
Instruction: MUL 623 454
Instruction: MUL 54 758
Instruction: DO 0 0
Instruction: MUL 156 345
Instruction: MUL 296 979
Instruction: MUL 207 298
Instruction: MUL 232 0
Instruction: MUL 240 552
Instruction: MUL 434 728
Instruction: MUL 314 103
Instruction: MUL 278 666
Instruction: MUL 0 0
Instruction: MUL 770 509
Instruction: MUL 460 916
Instruction: DON'T 0 0
Instruction: MUL 796 995
Instruction: DON'T 0 0
Instruction: MUL 65 3
Instruction: MUL 862 120
Instruction: MUL 243 135
Instruction: DO 0 0
Instruction: MUL 117 795
Instruction: MUL 427 900
Instruction: MUL 277 54
Instruction: MUL 398 993
Instruction: MUL 314 397
Instruction: MUL 452 25
Instruction: MUL 71 963
Instruction: MUL 53 54
Instruction: MUL 169 0
Instruction: MUL 708 894
Instruction: MUL 320 139
Instruction: MUL 69 189
Instruction: DON'T 0 0
Instruction: MUL 0 0
Instruction: MUL 906 936
Instruction: MUL 259 584
Instruction: MUL 0 0
Instruction: MUL 708 571
Instruction: MUL 50 750
Instruction: MUL 0 0
Instruction: MUL 489 557
Instruction: MUL 93 641
Instruction: MUL 184 380
Instruction: MUL 963 754
Instruction: MUL 82 608
Instruction: MUL 631 979
Instruction: MUL 641 426
Instruction: MUL 640 544
Instruction: MUL 13 213
Instruction: MUL 341 702
Instruction: MUL 234 773
Instruction: MUL 602 524
Instruction: MUL 169 662
Instruction: MUL 6 518
Instruction: MUL 2 142
Instruction: MUL 12 883
Instruction: DO 0 0
Instruction: MUL 184 329
Instruction: MUL 691 847
Instruction: MUL 334 849
Instruction: MUL 566 562
Instruction: MUL 544 0
Instruction: MUL 912 145
Instruction: MUL 218 373
Instruction: MUL 220 659
Instruction: MUL 0 0
Instruction: MUL 65 632
Instruction: MUL 335 517
Instruction: MUL 989 445
Instruction: MUL 722 70
Instruction: MUL 488 411
Instruction: MUL 202 583
Instruction: DO 0 0
Instruction: MUL 91 163
Instruction: MUL 415 153
Instruction: MUL 910 831
Instruction: DO 0 0
Instruction: MUL 854 168
Instruction: MUL 544 146
Instruction: MUL 791 713
Instruction: MUL 722 357
Instruction: MUL 571 996
Instruction: MUL 674 399
Instruction: MUL 364 273
Instruction: MUL 842 237
Instruction: MUL 386 938
Instruction: MUL 795 812
Instruction: MUL 336 266
Instruction: MUL 301 465
Instruction: MUL 916 535
Instruction: MUL 195 161
Instruction: MUL 850 131
Instruction: MUL 564 805
Instruction: MUL 450 574
Instruction: MUL 811 64
Instruction: MUL 626 402
Instruction: DON'T 0 0
Instruction: MUL 991 61
Instruction: MUL 0 0
Instruction: MUL 573 326
Instruction: MUL 457 0
Instruction: MUL 214 536
Instruction: MUL 0 0
Instruction: MUL 250 791
Instruction: DO 0 0
Instruction: MUL 402 879
Instruction: MUL 411 599
Instruction: DON'T 0 0
Instruction: MUL 208 89
Instruction: DO 0 0
Instruction: MUL 201 648
Instruction: MUL 309 958
Instruction: MUL 5 81
Instruction: MUL 745 240
Instruction: MUL 993 109
Instruction: MUL 204 611
Instruction: MUL 461 547
Instruction: MUL 490 704
Instruction: MUL 531 461
Instruction: MUL 781 760
Instruction: MUL 551 640
Instruction: MUL 570 0
Instruction: MUL 248 785
Instruction: MUL 175 52
Instruction: MUL 240 385
Instruction: MUL 844 722
Instruction: MUL 795 956
Instruction: MUL 845 908
Instruction: DO 0 0
Instruction: MUL 350 941
Instruction: MUL 310 446
Instruction: DON'T 0 0
Instruction: MUL 714 32
Instruction: DON'T 0 0
Instruction: MUL 525 322
Instruction: DON'T 0 0
Instruction: MUL 940 743
Instruction: MUL 569 393
Instruction: MUL 37 545
Instruction: DO 0 0
Instruction: MUL 596 354
Instruction: MUL 410 299
Instruction: MUL 953 745
Instruction: MUL 732 334
Instruction: MUL 751 328
Instruction: MUL 191 153
Instruction: MUL 595 904
Instruction: DON'T 0 0
Instruction: MUL 952 727
Instruction: MUL 471 971
Instruction: DO 0 0
Instruction: MUL 0 0
Instruction: MUL 85 927
Instruction: MUL 536 740
Instruction: MUL 487 376
Instruction: MUL 184 719
Instruction: MUL 293 122
Instruction: MUL 544 91
Instruction: MUL 983 667
Instruction: MUL 708 478
Instruction: MUL 48 916
Instruction: MUL 469 29
Instruction: MUL 710 466
Instruction: MUL 855 660
Instruction: MUL 558 202
Instruction: MUL 851 103
Instruction: MUL 700 989
Instruction: MUL 311 964
Instruction: MUL 29 72
Instruction: MUL 829 823
Instruction: MUL 197 418
Instruction: MUL 628 50
Instruction: MUL 176 413
Instruction: MUL 804 92
Instruction: MUL 284 550
Instruction: MUL 342 336
Instruction: MUL 382 518
Instruction: MUL 395 313
Instruction: DO 0 0
Instruction: MUL 652 359
Instruction: DON'T 0 0
Instruction: MUL 343 652
Instruction: MUL 677 743
Instruction: MUL 71 412
Instruction: MUL 345 160
Instruction: MUL 958 675
Instruction: MUL 752 30
Instruction: MUL 0 0
Instruction: DO 0 0
Instruction: MUL 567 702
Instruction: MUL 725 160
Instruction: MUL 327 488
Instruction: MUL 836 535
Instruction: MUL 135 48
Instruction: MUL 646 10
Instruction: MUL 247 681
Instruction: MUL 712 270
Instruction: MUL 543 760
Instruction: MUL 991 653
Instruction: MUL 445 300
Instruction: MUL 782 558
Instruction: MUL 0 0
Instruction: MUL 981 18
Instruction: MUL 814 71
Instruction: MUL 185 23
Instruction: MUL 607 452
Instruction: MUL 358 551
Instruction: DO 0 0
Instruction: MUL 679 221
Instruction: MUL 903 901
Instruction: MUL 396 234
Instruction: MUL 569 364
Instruction: MUL 29 750
Instruction: MUL 188 408
Instruction: MUL 535 688
Instruction: MUL 689 0
Instruction: MUL 180 183
Instruction: MUL 12 971
Instruction: MUL 400 368
Instruction: DO 0 0
Instruction: MUL 976 889
Instruction: DO 0 0
Instruction: MUL 126 680
Instruction: MUL 268 566
Instruction: MUL 656 119
Instruction: MUL 221 435
Instruction: MUL 17 637
Instruction: MUL 834 156
Instruction: MUL 373 272
Instruction: MUL 10 456
Instruction: MUL 376 562
Instruction: DO 0 0
Instruction: MUL 851 474
Instruction: DO 0 0
Instruction: MUL 71 636
Instruction: MUL 423 604
Instruction: MUL 174 630
Instruction: MUL 891 319
Instruction: MUL 712 140
Instruction: MUL 892 613
Instruction: MUL 867 72
Instruction: MUL 6 0
Instruction: MUL 435 420
Instruction: DON'T 0 0
Instruction: MUL 613 816
Instruction: MUL 567 155
Instruction: MUL 584 474
Instruction: MUL 855 798
Instruction: MUL 833 981
Instruction: MUL 0 0
Instruction: MUL 423 608
Instruction: MUL 805 83
Instruction: MUL 797 555
Instruction: MUL 478 15
Instruction: MUL 320 806
Instruction: MUL 43 38
Instruction: MUL 459 389
Instruction: MUL 937 21
Instruction: MUL 942 10
Instruction: MUL 437 636
Instruction: MUL 509 95
Instruction: MUL 522 855
Instruction: MUL 109 507
Instruction: MUL 442 773
Instruction: MUL 350 0
Instruction: DON'T 0 0
Instruction: MUL 119 683
Instruction: MUL 634 722
Instruction: MUL 410 254
Instruction: MUL 219 824
Instruction: MUL 475 606
Instruction: MUL 12 946
Instruction: MUL 558 666
Instruction: MUL 992 775
Instruction: MUL 176 378
Instruction: MUL 159 502
Instruction: MUL 100 648
Instruction: MUL 477 121
Instruction: DO 0 0
Instruction: MUL 340 143
Instruction: MUL 477 481
Instruction: MUL 694 893
Instruction: MUL 944 553
Instruction: MUL 134 98
Instruction: MUL 475 226
Instruction: MUL 430 522
Instruction: MUL 4 686
Instruction: MUL 956 959
Instruction: MUL 171 380
Instruction: MUL 628 469
Instruction: MUL 498 282
Instruction: MUL 104 486
Instruction: MUL 264 0
Instruction: MUL 208 64
Instruction: MUL 534 749
Instruction: MUL 121 628
Instruction: MUL 743 224
Instruction: MUL 921 475
Instruction: MUL 954 0
Instruction: MUL 629 294
Instruction: MUL 711 684
Instruction: MUL 888 484
Instruction: MUL 263 259
Instruction: MUL 256 447
Instruction: DON'T 0 0
Instruction: MUL 806 780
Instruction: MUL 704 0
Instruction: DON'T 0 0
Instruction: MUL 911 196
Instruction: MUL 792 0
Instruction: DO 0 0
Instruction: MUL 279 93
Instruction: MUL 182 162
Instruction: MUL 985 595
Instruction: MUL 312 743
Instruction: MUL 828 4
Instruction: MUL 925 463
Instruction: MUL 371 600
Instruction: DO 0 0
Instruction: MUL 939 641
Instruction: MUL 101 11
Instruction: DON'T 0 0
Instruction: MUL 797 638
Instruction: MUL 312 896
Instruction: MUL 0 0
Instruction: MUL 737 79
Instruction: MUL 775 969
Instruction: MUL 995 800
Instruction: MUL 825 47
Instruction: MUL 345 412
Instruction: MUL 477 312
Instruction: MUL 759 363
Instruction: MUL 49 745
Instruction: MUL 502 602
Instruction: MUL 870 408
Instruction: MUL 438 953
Instruction: MUL 477 794
Instruction: MUL 725 610
Instruction: MUL 0 0
Instruction: MUL 591 595
Instruction: MUL 35 204
Instruction: MUL 623 430
Instruction: MUL 986 195
Instruction: MUL 333 771
Instruction: MUL 366 275
Instruction: MUL 886 569
Instruction: MUL 812 296
Instruction: MUL 938 0
Instruction: MUL 662 423
Instruction: MUL 931 464
Instruction: MUL 80 65
Instruction: MUL 537 517
Instruction: MUL 309 415
Instruction: DO 0 0
Instruction: MUL 97 261
Instruction: MUL 976 251
Instruction: MUL 929 486
Instruction: MUL 79 951
Instruction: MUL 156 577
Instruction: MUL 608 799
Instruction: MUL 103 54
Instruction: MUL 577 38
Instruction: MUL 100 110
Instruction: MUL 373 344
Instruction: MUL 476 880
Instruction: MUL 521 941
Instruction: MUL 636 681
Instruction: MUL 911 48
Instruction: MUL 925 246
Instruction: MUL 385 738
Instruction: MUL 747 0
Instruction: MUL 991 663
Instruction: MUL 380 823
Instruction: MUL 790 442
Instruction: MUL 485 925
Instruction: MUL 760 526
Instruction: DO 0 0
Instruction: MUL 687 303
Instruction: MUL 885 373
Instruction: MUL 538 642
Instruction: MUL 904 758
Instruction: MUL 72 737
Instruction: MUL 957 888
Instruction: MUL 125 773
Instruction: MUL 107 113
Instruction: MUL 816 499
Instruction: MUL 312 957
Instruction: MUL 35 722
Instruction: MUL 420 105
Instruction: MUL 236 347
Instruction: MUL 115 717
Instruction: MUL 995 8
Instruction: MUL 281 511
Instruction: MUL 218 447
Instruction: DON'T 0 0
Instruction: MUL 856 826
Instruction: MUL 791 178
Instruction: MUL 355 579
Instruction: DON'T 0 0
Instruction: MUL 426 689
Instruction: MUL 19 952
Instruction: DON'T 0 0
Instruction: MUL 331 69
Instruction: MUL 181 101
Instruction: MUL 628 267
Instruction: MUL 521 898
Instruction: MUL 476 329
Instruction: MUL 362 495
Instruction: MUL 245 39
Instruction: MUL 185 370
Instruction: MUL 622 439
Instruction: MUL 943 965
Instruction: MUL 965 299
Instruction: MUL 29 612
Instruction: MUL 43 652
Instruction: MUL 752 988
Instruction: MUL 401 151
Instruction: MUL 745 699
Instruction: MUL 77 216
Instruction: MUL 916 810
Instruction: MUL 647 373
Instruction: MUL 356 323
Instruction: MUL 659 65
Instruction: MUL 163 188
Instruction: MUL 653 216
Instruction: MUL 187 460
Instruction: MUL 347 271
Instruction: MUL 828 838
Instruction: MUL 70 426
Instruction: MUL 203 314
Instruction: MUL 276 626
Instruction: MUL 450 217
Instruction: MUL 201 755
Instruction: MUL 119 516
Instruction: MUL 738 634
Instruction: MUL 830 590
Instruction: DO 0 0
Instruction: MUL 982 557
Instruction: MUL 522 576
Instruction: MUL 828 380
Instruction: MUL 629 665
Instruction: MUL 816 674
Instruction: MUL 833 343
Instruction: MUL 902 29
Instruction: MUL 698 182
Instruction: DON'T 0 0
Instruction: MUL 420 273
Instruction: MUL 786 927
Instruction: MUL 945 741
Instruction: MUL 395 39
Instruction: DO 0 0
Instruction: MUL 345 451
Instruction: MUL 575 284
Instruction: MUL 210 669
Instruction: MUL 347 353
